This file contains any messages produced by compilers while
running configure, to aid debugging if configure makes a mistake.

It was created by pofswitch configure 1.4.0.015, which was
generated by GNU Autoconf 2.69.  Invocation command line was

  $ ./configure --with-dpdk=/home/xyh/test/POFSwitch+DPDK+V1.0.5.3/dpdk-2.2.0/x86_64-native-linuxapp-gcc LIBS=-ldl

## --------- ##
## Platform. ##
## --------- ##

hostname = IPL207
uname -m = x86_64
uname -r = 3.19.0-15-generic
uname -s = Linux
uname -v = #15-Ubuntu SMP Thu Apr 16 23:32:37 UTC 2015

/usr/bin/uname -p = unknown
/bin/uname -X     = unknown

/bin/arch              = unknown
/usr/bin/arch -k       = unknown
/usr/convex/getsysinfo = unknown
/usr/bin/hostinfo      = unknown
/bin/machine           = unknown
/usr/bin/oslevel       = unknown
/bin/universe          = unknown

PATH: /usr/local/sbin
PATH: /usr/local/bin
PATH: /usr/sbin
PATH: /usr/bin
PATH: /sbin
PATH: /bin


## ----------- ##
## Core tests. ##
## ----------- ##

configure:2315: checking for a BSD-compatible install
configure:2383: result: /usr/bin/install -c
configure:2394: checking whether build environment is sane
configure:2449: result: yes
configure:2487: WARNING: 'missing' script is too old or missing
configure:2600: checking for a thread-safe mkdir -p
configure:2639: result: /bin/mkdir -p
configure:2646: checking for gawk
configure:2662: found /usr/bin/gawk
configure:2673: result: gawk
configure:2684: checking whether make sets $(MAKE)
configure:2706: result: yes
configure:2735: checking whether make supports nested variables
configure:2752: result: yes
configure:2936: checking for gcc
configure:2952: found /usr/bin/gcc
configure:2963: result: gcc
configure:3192: checking for C compiler version
configure:3201: gcc --version >&5
gcc (Ubuntu 4.9.2-10ubuntu13) 4.9.2
Copyright (C) 2014 Free Software Foundation, Inc.
This is free software; see the source for copying conditions.  There is NO
warranty; not even for MERCHANTABILITY or FITNESS FOR A PARTICULAR PURPOSE.

configure:3212: $? = 0
configure:3201: gcc -v >&5
Using built-in specs.
COLLECT_GCC=gcc
COLLECT_LTO_WRAPPER=/usr/lib/gcc/x86_64-linux-gnu/4.9/lto-wrapper
Target: x86_64-linux-gnu
Configured with: ../src/configure -v --with-pkgversion='Ubuntu 4.9.2-10ubuntu13' --with-bugurl=file:///usr/share/doc/gcc-4.9/README.Bugs --enable-languages=c,c++,java,go,d,fortran,objc,obj-c++ --prefix=/usr --program-suffix=-4.9 --enable-shared --enable-linker-build-id --libexecdir=/usr/lib --without-included-gettext --enable-threads=posix --with-gxx-include-dir=/usr/include/c++/4.9 --libdir=/usr/lib --enable-nls --with-sysroot=/ --enable-clocale=gnu --enable-libstdcxx-debug --enable-libstdcxx-time=yes --enable-gnu-unique-object --disable-vtable-verify --enable-plugin --with-system-zlib --disable-browser-plugin --enable-java-awt=gtk --enable-gtk-cairo --with-java-home=/usr/lib/jvm/java-1.5.0-gcj-4.9-amd64/jre --enable-java-home --with-jvm-root-dir=/usr/lib/jvm/java-1.5.0-gcj-4.9-amd64 --with-jvm-jar-dir=/usr/lib/jvm-exports/java-1.5.0-gcj-4.9-amd64 --with-arch-directory=amd64 --with-ecj-jar=/usr/share/java/eclipse-ecj.jar --enable-objc-gc --enable-multiarch --disable-werror --with-arch-32=i686 --with-abi=m64 --with-multilib-list=m32,m64,mx32 --enable-multilib --with-tune=generic --enable-checking=release --build=x86_64-linux-gnu --host=x86_64-linux-gnu --target=x86_64-linux-gnu
Thread model: posix
gcc version 4.9.2 (Ubuntu 4.9.2-10ubuntu13) 
configure:3212: $? = 0
configure:3201: gcc -V >&5
gcc: error: unrecognized command line option '-V'
gcc: fatal error: no input files
compilation terminated.
configure:3212: $? = 4
configure:3201: gcc -qversion >&5
gcc: error: unrecognized command line option '-qversion'
gcc: fatal error: no input files
compilation terminated.
configure:3212: $? = 4
configure:3232: checking whether the C compiler works
configure:3254: gcc    conftest.c -ldl >&5
configure:3258: $? = 0
configure:3306: result: yes
configure:3309: checking for C compiler default output file name
configure:3311: result: a.out
configure:3317: checking for suffix of executables
configure:3324: gcc -o conftest    conftest.c -ldl >&5
configure:3328: $? = 0
configure:3350: result: 
configure:3372: checking whether we are cross compiling
configure:3380: gcc -o conftest    conftest.c -ldl >&5
configure:3384: $? = 0
configure:3391: ./conftest
configure:3395: $? = 0
configure:3410: result: no
configure:3415: checking for suffix of object files
configure:3437: gcc -c   conftest.c >&5
configure:3441: $? = 0
configure:3462: result: o
configure:3466: checking whether we are using the GNU C compiler
configure:3485: gcc -c   conftest.c >&5
configure:3485: $? = 0
configure:3494: result: yes
configure:3503: checking whether gcc accepts -g
configure:3523: gcc -c -g  conftest.c >&5
configure:3523: $? = 0
configure:3564: result: yes
configure:3581: checking for gcc option to accept ISO C89
configure:3644: gcc  -c -g -O2  conftest.c >&5
configure:3644: $? = 0
configure:3657: result: none needed
configure:3682: checking whether gcc understands -c and -o together
configure:3704: gcc -c conftest.c -o conftest2.o
configure:3707: $? = 0
configure:3704: gcc -c conftest.c -o conftest2.o
configure:3707: $? = 0
configure:3719: result: yes
configure:3747: checking for style of include used by make
configure:3775: result: GNU
configure:3801: checking dependency style of gcc
configure:3912: result: gcc3
configure:3970: checking for ranlib
configure:3986: found /usr/bin/ranlib
configure:3997: result: ranlib
configure:4022: checking for pthread_create in -lpthread
configure:4047: gcc -o conftest -g -O2   conftest.c -lpthread  -ldl >&5
configure:4047: $? = 0
configure:4056: result: yes
configure:4067: checking for library containing pow
configure:4098: gcc -o conftest -g -O2   conftest.c -lpthread -ldl >&5
conftest.c:21:6: warning: conflicting types for built-in function 'pow'
 char pow ();
      ^
/tmp/ccZhWOVC.o: In function `main':
/home/xyh/pofswitch-dpdk-onecore/conftest.c:25: undefined reference to `pow'
collect2: error: ld returned 1 exit status
configure:4098: $? = 1
configure: failed program was:
| /* confdefs.h */
| #define PACKAGE_NAME "pofswitch"
| #define PACKAGE_TARNAME "pofswitch"
| #define PACKAGE_VERSION "1.4.0.015"
| #define PACKAGE_STRING "pofswitch 1.4.0.015"
| #define PACKAGE_BUGREPORT "yujingzhou@huawei.com"
| #define PACKAGE_URL ""
| #define PACKAGE "pofswitch"
| #define VERSION "1.4.0.015"
| #define POFSWITCH_VERSION_NO POFSwitch_VERSION_1_4_0
| #define POFSWITCH_VERSION_SUB "015"
| #define HAVE_LIBPTHREAD 1
| /* end confdefs.h.  */
| 
| /* Override any GCC internal prototype to avoid an error.
|    Use char because int might match the return type of a GCC
|    builtin and then its argument prototype would still apply.  */
| #ifdef __cplusplus
| extern "C"
| #endif
| char pow ();
| int
| main ()
| {
| return pow ();
|   ;
|   return 0;
| }
configure:4098: gcc -o conftest -g -O2   conftest.c -lm  -lpthread -ldl >&5
conftest.c:21:6: warning: conflicting types for built-in function 'pow'
 char pow ();
      ^
configure:4098: $? = 0
configure:4115: result: -lm
configure:4123: checking for library containing clock_gettime
configure:4154: gcc -o conftest -g -O2   conftest.c -lm -lpthread -ldl >&5
configure:4154: $? = 0
configure:4171: result: none required
configure:4179: checking for library containing timer_create
configure:4210: gcc -o conftest -g -O2   conftest.c -lm -lpthread -ldl >&5
/tmp/ccpyLBgN.o: In function `main':
/home/xyh/pofswitch-dpdk-onecore/conftest.c:25: undefined reference to `timer_create'
collect2: error: ld returned 1 exit status
configure:4210: $? = 1
configure: failed program was:
| /* confdefs.h */
| #define PACKAGE_NAME "pofswitch"
| #define PACKAGE_TARNAME "pofswitch"
| #define PACKAGE_VERSION "1.4.0.015"
| #define PACKAGE_STRING "pofswitch 1.4.0.015"
| #define PACKAGE_BUGREPORT "yujingzhou@huawei.com"
| #define PACKAGE_URL ""
| #define PACKAGE "pofswitch"
| #define VERSION "1.4.0.015"
| #define POFSWITCH_VERSION_NO POFSwitch_VERSION_1_4_0
| #define POFSWITCH_VERSION_SUB "015"
| #define HAVE_LIBPTHREAD 1
| /* end confdefs.h.  */
| 
| /* Override any GCC internal prototype to avoid an error.
|    Use char because int might match the return type of a GCC
|    builtin and then its argument prototype would still apply.  */
| #ifdef __cplusplus
| extern "C"
| #endif
| char timer_create ();
| int
| main ()
| {
| return timer_create ();
|   ;
|   return 0;
| }
configure:4210: gcc -o conftest -g -O2   conftest.c -lrt  -lm -lpthread -ldl >&5
configure:4210: $? = 0
configure:4227: result: -lrt
configure:4235: checking for library containing pthread_sigmask
configure:4266: gcc -o conftest -g -O2   conftest.c -lrt -lm -lpthread -ldl >&5
configure:4266: $? = 0
configure:4283: result: none required
configure:4297: checking how to run the C preprocessor
configure:4328: gcc -E  conftest.c
configure:4328: $? = 0
configure:4342: gcc -E  conftest.c
conftest.c:14:28: fatal error: ac_nonexistent.h: No such file or directory
 #include <ac_nonexistent.h>
                            ^
compilation terminated.
configure:4342: $? = 1
configure: failed program was:
| /* confdefs.h */
| #define PACKAGE_NAME "pofswitch"
| #define PACKAGE_TARNAME "pofswitch"
| #define PACKAGE_VERSION "1.4.0.015"
| #define PACKAGE_STRING "pofswitch 1.4.0.015"
| #define PACKAGE_BUGREPORT "yujingzhou@huawei.com"
| #define PACKAGE_URL ""
| #define PACKAGE "pofswitch"
| #define VERSION "1.4.0.015"
| #define POFSWITCH_VERSION_NO POFSwitch_VERSION_1_4_0
| #define POFSWITCH_VERSION_SUB "015"
| #define HAVE_LIBPTHREAD 1
| /* end confdefs.h.  */
| #include <ac_nonexistent.h>
configure:4367: result: gcc -E
configure:4387: gcc -E  conftest.c
configure:4387: $? = 0
configure:4401: gcc -E  conftest.c
conftest.c:14:28: fatal error: ac_nonexistent.h: No such file or directory
 #include <ac_nonexistent.h>
                            ^
compilation terminated.
configure:4401: $? = 1
configure: failed program was:
| /* confdefs.h */
| #define PACKAGE_NAME "pofswitch"
| #define PACKAGE_TARNAME "pofswitch"
| #define PACKAGE_VERSION "1.4.0.015"
| #define PACKAGE_STRING "pofswitch 1.4.0.015"
| #define PACKAGE_BUGREPORT "yujingzhou@huawei.com"
| #define PACKAGE_URL ""
| #define PACKAGE "pofswitch"
| #define VERSION "1.4.0.015"
| #define POFSWITCH_VERSION_NO POFSwitch_VERSION_1_4_0
| #define POFSWITCH_VERSION_SUB "015"
| #define HAVE_LIBPTHREAD 1
| /* end confdefs.h.  */
| #include <ac_nonexistent.h>
configure:4430: checking for grep that handles long lines and -e
configure:4488: result: /bin/grep
configure:4493: checking for egrep
configure:4555: result: /bin/grep -E
configure:4560: checking for ANSI C header files
configure:4580: gcc -c -g -O2  conftest.c >&5
configure:4580: $? = 0
configure:4653: gcc -o conftest -g -O2   conftest.c -lrt -lm -lpthread -ldl >&5
configure:4653: $? = 0
configure:4653: ./conftest
configure:4653: $? = 0
configure:4664: result: yes
configure:4677: checking for sys/types.h
configure:4677: gcc -c -g -O2  conftest.c >&5
configure:4677: $? = 0
configure:4677: result: yes
configure:4677: checking for sys/stat.h
configure:4677: gcc -c -g -O2  conftest.c >&5
configure:4677: $? = 0
configure:4677: result: yes
configure:4677: checking for stdlib.h
configure:4677: gcc -c -g -O2  conftest.c >&5
configure:4677: $? = 0
configure:4677: result: yes
configure:4677: checking for string.h
configure:4677: gcc -c -g -O2  conftest.c >&5
configure:4677: $? = 0
configure:4677: result: yes
configure:4677: checking for memory.h
configure:4677: gcc -c -g -O2  conftest.c >&5
configure:4677: $? = 0
configure:4677: result: yes
configure:4677: checking for strings.h
configure:4677: gcc -c -g -O2  conftest.c >&5
configure:4677: $? = 0
configure:4677: result: yes
configure:4677: checking for inttypes.h
configure:4677: gcc -c -g -O2  conftest.c >&5
configure:4677: $? = 0
configure:4677: result: yes
configure:4677: checking for stdint.h
configure:4677: gcc -c -g -O2  conftest.c >&5
configure:4677: $? = 0
configure:4677: result: yes
configure:4677: checking for unistd.h
configure:4677: gcc -c -g -O2  conftest.c >&5
configure:4677: $? = 0
configure:4677: result: yes
configure:4692: checking arpa/inet.h usability
configure:4692: gcc -c -g -O2  conftest.c >&5
configure:4692: $? = 0
configure:4692: result: yes
configure:4692: checking arpa/inet.h presence
configure:4692: gcc -E  conftest.c
configure:4692: $? = 0
configure:4692: result: yes
configure:4692: checking for arpa/inet.h
configure:4692: result: yes
configure:4692: checking limits.h usability
configure:4692: gcc -c -g -O2  conftest.c >&5
configure:4692: $? = 0
configure:4692: result: yes
configure:4692: checking limits.h presence
configure:4692: gcc -E  conftest.c
configure:4692: $? = 0
configure:4692: result: yes
configure:4692: checking for limits.h
configure:4692: result: yes
configure:4692: checking netinet/in.h usability
configure:4692: gcc -c -g -O2  conftest.c >&5
configure:4692: $? = 0
configure:4692: result: yes
configure:4692: checking netinet/in.h presence
configure:4692: gcc -E  conftest.c
configure:4692: $? = 0
configure:4692: result: yes
configure:4692: checking for netinet/in.h
configure:4692: result: yes
configure:4692: checking for stdlib.h
configure:4692: result: yes
configure:4692: checking for string.h
configure:4692: result: yes
configure:4692: checking sys/socket.h usability
configure:4692: gcc -c -g -O2  conftest.c >&5
configure:4692: $? = 0
configure:4692: result: yes
configure:4692: checking sys/socket.h presence
configure:4692: gcc -E  conftest.c
configure:4692: $? = 0
configure:4692: result: yes
configure:4692: checking for sys/socket.h
configure:4692: result: yes
configure:4692: checking sys/time.h usability
configure:4692: gcc -c -g -O2  conftest.c >&5
configure:4692: $? = 0
configure:4692: result: yes
configure:4692: checking sys/time.h presence
configure:4692: gcc -E  conftest.c
configure:4692: $? = 0
configure:4692: result: yes
configure:4692: checking for sys/time.h
configure:4692: result: yes
configure:4692: checking for unistd.h
configure:4692: result: yes
configure:4692: checking stddef.h usability
configure:4692: gcc -c -g -O2  conftest.c >&5
configure:4692: $? = 0
configure:4692: result: yes
configure:4692: checking stddef.h presence
configure:4692: gcc -E  conftest.c
configure:4692: $? = 0
configure:4692: result: yes
configure:4692: checking for stddef.h
configure:4692: result: yes
configure:4692: checking stdbool.h usability
configure:4692: gcc -c -g -O2  conftest.c >&5
configure:4692: $? = 0
configure:4692: result: yes
configure:4692: checking stdbool.h presence
configure:4692: gcc -E  conftest.c
configure:4692: $? = 0
configure:4692: result: yes
configure:4692: checking for stdbool.h
configure:4692: result: yes
configure:4692: checking endian.h usability
configure:4692: gcc -c -g -O2  conftest.c >&5
configure:4692: $? = 0
configure:4692: result: yes
configure:4692: checking endian.h presence
configure:4692: gcc -E  conftest.c
configure:4692: $? = 0
configure:4692: result: yes
configure:4692: checking for endian.h
configure:4692: result: yes
configure:4704: checking for size_t
configure:4704: gcc -c -g -O2  conftest.c >&5
configure:4704: $? = 0
configure:4704: gcc -c -g -O2  conftest.c >&5
conftest.c: In function 'main':
conftest.c:71:21: error: expected expression before ')' token
 if (sizeof ((size_t)))
                     ^
configure:4704: $? = 1
configure: failed program was:
| /* confdefs.h */
| #define PACKAGE_NAME "pofswitch"
| #define PACKAGE_TARNAME "pofswitch"
| #define PACKAGE_VERSION "1.4.0.015"
| #define PACKAGE_STRING "pofswitch 1.4.0.015"
| #define PACKAGE_BUGREPORT "yujingzhou@huawei.com"
| #define PACKAGE_URL ""
| #define PACKAGE "pofswitch"
| #define VERSION "1.4.0.015"
| #define POFSWITCH_VERSION_NO POFSwitch_VERSION_1_4_0
| #define POFSWITCH_VERSION_SUB "015"
| #define HAVE_LIBPTHREAD 1
| #define STDC_HEADERS 1
| #define HAVE_SYS_TYPES_H 1
| #define HAVE_SYS_STAT_H 1
| #define HAVE_STDLIB_H 1
| #define HAVE_STRING_H 1
| #define HAVE_MEMORY_H 1
| #define HAVE_STRINGS_H 1
| #define HAVE_INTTYPES_H 1
| #define HAVE_STDINT_H 1
| #define HAVE_UNISTD_H 1
| #define HAVE_ARPA_INET_H 1
| #define HAVE_LIMITS_H 1
| #define HAVE_NETINET_IN_H 1
| #define HAVE_STDLIB_H 1
| #define HAVE_STRING_H 1
| #define HAVE_SYS_SOCKET_H 1
| #define HAVE_SYS_TIME_H 1
| #define HAVE_UNISTD_H 1
| #define HAVE_STDDEF_H 1
| #define HAVE_STDBOOL_H 1
| #define HAVE_ENDIAN_H 1
| /* end confdefs.h.  */
| #include <stdio.h>
| #ifdef HAVE_SYS_TYPES_H
| # include <sys/types.h>
| #endif
| #ifdef HAVE_SYS_STAT_H
| # include <sys/stat.h>
| #endif
| #ifdef STDC_HEADERS
| # include <stdlib.h>
| # include <stddef.h>
| #else
| # ifdef HAVE_STDLIB_H
| #  include <stdlib.h>
| # endif
| #endif
| #ifdef HAVE_STRING_H
| # if !defined STDC_HEADERS && defined HAVE_MEMORY_H
| #  include <memory.h>
| # endif
| # include <string.h>
| #endif
| #ifdef HAVE_STRINGS_H
| # include <strings.h>
| #endif
| #ifdef HAVE_INTTYPES_H
| # include <inttypes.h>
| #endif
| #ifdef HAVE_STDINT_H
| # include <stdint.h>
| #endif
| #ifdef HAVE_UNISTD_H
| # include <unistd.h>
| #endif
| int
| main ()
| {
| if (sizeof ((size_t)))
| 	    return 0;
|   ;
|   return 0;
| }
configure:4704: result: yes
configure:4715: checking for uint16_t
configure:4715: gcc -c -g -O2  conftest.c >&5
configure:4715: $? = 0
configure:4715: result: yes
configure:4727: checking for uint32_t
configure:4727: gcc -c -g -O2  conftest.c >&5
configure:4727: $? = 0
configure:4727: result: yes
configure:4741: checking for uint64_t
configure:4741: gcc -c -g -O2  conftest.c >&5
configure:4741: $? = 0
configure:4741: result: yes
configure:4755: checking for uint8_t
configure:4755: gcc -c -g -O2  conftest.c >&5
configure:4755: $? = 0
configure:4755: result: yes
configure:4773: checking for stdlib.h
configure:4773: result: yes
configure:4783: checking for GNU libc compatible malloc
configure:4807: gcc -o conftest -g -O2   conftest.c -lrt -lm -lpthread -ldl >&5
configure:4807: $? = 0
configure:4807: ./conftest
configure:4807: $? = 0
configure:4817: result: yes
configure:4841: checking for inet_ntoa
configure:4841: gcc -o conftest -g -O2   conftest.c -lrt -lm -lpthread -ldl >&5
configure:4841: $? = 0
configure:4841: result: yes
configure:4841: checking for memset
configure:4841: gcc -o conftest -g -O2   conftest.c -lrt -lm -lpthread -ldl >&5
conftest.c:61:6: warning: conflicting types for built-in function 'memset'
 char memset ();
      ^
configure:4841: $? = 0
configure:4841: result: yes
configure:4841: checking for socket
configure:4841: gcc -o conftest -g -O2   conftest.c -lrt -lm -lpthread -ldl >&5
configure:4841: $? = 0
configure:4841: result: yes
configure:5067: checking that generated files are newer than configure
configure:5073: result: done
configure:5096: creating ./config.status

## ---------------------- ##
## Running config.status. ##
## ---------------------- ##

This file was extended by pofswitch config.status 1.4.0.015, which was
generated by GNU Autoconf 2.69.  Invocation command line was

  CONFIG_FILES    = 
  CONFIG_HEADERS  = 
  CONFIG_LINKS    = 
  CONFIG_COMMANDS = 
  $ ./config.status 

on IPL207

config.status:780: creating Makefile
config.status:952: executing depfiles commands

## ---------------- ##
## Cache variables. ##
## ---------------- ##

ac_cv_c_compiler_gnu=yes
ac_cv_c_uint16_t=yes
ac_cv_c_uint32_t=yes
ac_cv_c_uint64_t=yes
ac_cv_c_uint8_t=yes
ac_cv_env_CC_set=
ac_cv_env_CC_value=
ac_cv_env_CFLAGS_set=
ac_cv_env_CFLAGS_value=
ac_cv_env_CPPFLAGS_set=
ac_cv_env_CPPFLAGS_value=
ac_cv_env_CPP_set=
ac_cv_env_CPP_value=
ac_cv_env_LDFLAGS_set=
ac_cv_env_LDFLAGS_value=
ac_cv_env_LIBS_set=set
ac_cv_env_LIBS_value=-ldl
ac_cv_env_build_alias_set=
ac_cv_env_build_alias_value=
ac_cv_env_host_alias_set=
ac_cv_env_host_alias_value=
ac_cv_env_target_alias_set=
ac_cv_env_target_alias_value=
ac_cv_func_inet_ntoa=yes
ac_cv_func_malloc_0_nonnull=yes
ac_cv_func_memset=yes
ac_cv_func_socket=yes
ac_cv_header_arpa_inet_h=yes
ac_cv_header_endian_h=yes
ac_cv_header_inttypes_h=yes
ac_cv_header_limits_h=yes
ac_cv_header_memory_h=yes
ac_cv_header_netinet_in_h=yes
ac_cv_header_stdbool_h=yes
ac_cv_header_stdc=yes
ac_cv_header_stddef_h=yes
ac_cv_header_stdint_h=yes
ac_cv_header_stdlib_h=yes
ac_cv_header_string_h=yes
ac_cv_header_strings_h=yes
ac_cv_header_sys_socket_h=yes
ac_cv_header_sys_stat_h=yes
ac_cv_header_sys_time_h=yes
ac_cv_header_sys_types_h=yes
ac_cv_header_unistd_h=yes
ac_cv_lib_pthread_pthread_create=yes
ac_cv_objext=o
ac_cv_path_EGREP='/bin/grep -E'
ac_cv_path_GREP=/bin/grep
ac_cv_path_install='/usr/bin/install -c'
ac_cv_path_mkdir=/bin/mkdir
ac_cv_prog_AWK=gawk
ac_cv_prog_CPP='gcc -E'
ac_cv_prog_ac_ct_CC=gcc
ac_cv_prog_ac_ct_RANLIB=ranlib
ac_cv_prog_cc_c89=
ac_cv_prog_cc_g=yes
ac_cv_prog_make_make_set=yes
ac_cv_search_clock_gettime='none required'
ac_cv_search_pow=-lm
ac_cv_search_pthread_sigmask='none required'
ac_cv_search_timer_create=-lrt
ac_cv_type_size_t=yes
am_cv_CC_dependencies_compiler_type=gcc3
am_cv_make_support_nested_variables=yes
am_cv_prog_cc_c_o=yes

## ----------------- ##
## Output variables. ##
## ----------------- ##

ACLOCAL='aclocal-1.14'
AMDEPBACKSLASH='\'
AMDEP_FALSE='#'
AMDEP_TRUE=''
AMTAR='$${TAR-tar}'
AM_BACKSLASH='\'
AM_DEFAULT_V='$(AM_DEFAULT_VERBOSITY)'
AM_DEFAULT_VERBOSITY='1'
AM_V='$(V)'
AUTOCONF='autoconf'
AUTOHEADER='autoheader'
AUTOMAKE='automake-1.14'
AWK='gawk'
CC='gcc'
CCDEPMODE='depmode=gcc3'
CFLAGS='-g -O2'
CPP='gcc -E'
CPPFLAGS='-I/home/xyh/test/POFSwitch+DPDK+V1.0.5.3/dpdk-2.2.0/x86_64-native-linuxapp-gcc/include '
CYGPATH_W='echo'
DEFS='-DPACKAGE_NAME=\"pofswitch\" -DPACKAGE_TARNAME=\"pofswitch\" -DPACKAGE_VERSION=\"1.4.0.015\" -DPACKAGE_STRING=\"pofswitch\ 1.4.0.015\" -DPACKAGE_BUGREPORT=\"yujingzhou@huawei.com\" -DPACKAGE_URL=\"\" -DPACKAGE=\"pofswitch\" -DVERSION=\"1.4.0.015\" -DPOFSWITCH_VERSION_NO=POFSwitch_VERSION_1_4_0 -DPOFSWITCH_VERSION_SUB=\"015\" -DHAVE_LIBPTHREAD=1 -DSTDC_HEADERS=1 -DHAVE_SYS_TYPES_H=1 -DHAVE_SYS_STAT_H=1 -DHAVE_STDLIB_H=1 -DHAVE_STRING_H=1 -DHAVE_MEMORY_H=1 -DHAVE_STRINGS_H=1 -DHAVE_INTTYPES_H=1 -DHAVE_STDINT_H=1 -DHAVE_UNISTD_H=1 -DHAVE_ARPA_INET_H=1 -DHAVE_LIMITS_H=1 -DHAVE_NETINET_IN_H=1 -DHAVE_STDLIB_H=1 -DHAVE_STRING_H=1 -DHAVE_SYS_SOCKET_H=1 -DHAVE_SYS_TIME_H=1 -DHAVE_UNISTD_H=1 -DHAVE_STDDEF_H=1 -DHAVE_STDBOOL_H=1 -DHAVE_ENDIAN_H=1 -DHAVE_STDLIB_H=1 -DHAVE_MALLOC=1 -DHAVE_INET_NTOA=1 -DHAVE_MEMSET=1 -DHAVE_SOCKET=1'
DEPDIR='.deps'
ECHO_C=''
ECHO_N='-n'
ECHO_T=''
EGREP='/bin/grep -E'
EXEEXT=''
GREP='/bin/grep'
INSTALL_DATA='${INSTALL} -m 644'
INSTALL_PROGRAM='${INSTALL}'
INSTALL_SCRIPT='${INSTALL}'
INSTALL_STRIP_PROGRAM='$(install_sh) -c -s'
LDFLAGS=''
LIBOBJS=''
LIBS='/home/xyh/test/POFSwitch+DPDK+V1.0.5.3/dpdk-2.2.0/x86_64-native-linuxapp-gcc/lib/libdpdk.so -lrt -lm -lpthread -ldl'
LTLIBOBJS=''
MAKEINFO='makeinfo'
MKDIR_P='/bin/mkdir -p'
OBJEXT='o'
PACKAGE='pofswitch'
PACKAGE_BUGREPORT='yujingzhou@huawei.com'
PACKAGE_NAME='pofswitch'
PACKAGE_STRING='pofswitch 1.4.0.015'
PACKAGE_TARNAME='pofswitch'
PACKAGE_URL=''
PACKAGE_VERSION='1.4.0.015'
PATH_SEPARATOR=':'
RANLIB='ranlib'
SET_MAKE=''
SHELL='/bin/bash'
STRIP=''
VERSION='1.4.0.015'
ac_ct_CC='gcc'
am__EXEEXT_FALSE=''
am__EXEEXT_TRUE='#'
am__fastdepCC_FALSE='#'
am__fastdepCC_TRUE=''
am__include='include'
am__isrc=''
am__leading_dot='.'
am__nodep='_no'
am__quote=''
am__tar='$${TAR-tar} chof - "$$tardir"'
am__untar='$${TAR-tar} xf -'
bindir='${exec_prefix}/bin'
build_alias=''
datadir='${datarootdir}'
datarootdir='${prefix}/share'
docdir='${datarootdir}/doc/${PACKAGE_TARNAME}'
dvidir='${docdir}'
exec_prefix='${prefix}'
host_alias=''
htmldir='${docdir}'
includedir='${prefix}/include'
infodir='${datarootdir}/info'
install_sh='${SHELL} /home/xyh/pofswitch-dpdk-onecore/install-sh'
libdir='${exec_prefix}/lib'
libexecdir='${exec_prefix}/libexec'
localedir='${datarootdir}/locale'
localstatedir='${prefix}/var'
mandir='${datarootdir}/man'
mkdir_p='$(MKDIR_P)'
oldincludedir='/usr/include'
pdfdir='${docdir}'
prefix='/usr/local'
program_transform_name='s,x,x,'
psdir='${docdir}'
sbindir='${exec_prefix}/sbin'
sharedstatedir='${prefix}/com'
sysconfdir='${prefix}/etc'
target_alias=''

## ----------- ##
## confdefs.h. ##
## ----------- ##

/* confdefs.h */
#define PACKAGE_NAME "pofswitch"
#define PACKAGE_TARNAME "pofswitch"
#define PACKAGE_VERSION "1.4.0.015"
#define PACKAGE_STRING "pofswitch 1.4.0.015"
#define PACKAGE_BUGREPORT "yujingzhou@huawei.com"
#define PACKAGE_URL ""
#define PACKAGE "pofswitch"
#define VERSION "1.4.0.015"
#define POFSWITCH_VERSION_NO POFSwitch_VERSION_1_4_0
#define POFSWITCH_VERSION_SUB "015"
#define HAVE_LIBPTHREAD 1
#define STDC_HEADERS 1
#define HAVE_SYS_TYPES_H 1
#define HAVE_SYS_STAT_H 1
#define HAVE_STDLIB_H 1
#define HAVE_STRING_H 1
#define HAVE_MEMORY_H 1
#define HAVE_STRINGS_H 1
#define HAVE_INTTYPES_H 1
#define HAVE_STDINT_H 1
#define HAVE_UNISTD_H 1
#define HAVE_ARPA_INET_H 1
#define HAVE_LIMITS_H 1
#define HAVE_NETINET_IN_H 1
#define HAVE_STDLIB_H 1
#define HAVE_STRING_H 1
#define HAVE_SYS_SOCKET_H 1
#define HAVE_SYS_TIME_H 1
#define HAVE_UNISTD_H 1
#define HAVE_STDDEF_H 1
#define HAVE_STDBOOL_H 1
#define HAVE_ENDIAN_H 1
#define HAVE_STDLIB_H 1
#define HAVE_MALLOC 1
#define HAVE_INET_NTOA 1
#define HAVE_MEMSET 1
#define HAVE_SOCKET 1

configure: exit 0
